<?xml version="1.0" encoding="UTF-8"?>
<!-- Generated by org.testng.reporters.JUnitReportReporter -->
<testsuite hostname="USBLRKMEETEI1" name="pack.Process" tests="1" failures="0" timestamp="5 Apr 2017 09:22:20 GMT" time="9.826" errors="0">
  <testcase name="test" time="9.826" classname="pack.Process"/>
</testsuite> <!-- pack.Process -->
